  CompEngine.cpp
d:\users\б18-513\гречин а.а\thegame\compengine\compengine.cpp(64): warning C4244: 'return' : conversion from 'double' to 'float', possible loss of data
d:\users\б18-513\гречин а.а\thegame\compengine\compengine.cpp(135): warning C4018: '<' : signed/unsigned mismatch
d:\users\б18-513\гречин а.а\thegame\compengine\compengine.cpp(147): warning C4018: '<' : signed/unsigned mismatch
d:\users\б18-513\гречин а.а\thegame\compengine\compengine.cpp(164): warning C4018: '<' : signed/unsigned mismatch
d:\users\б18-513\гречин а.а\thegame\compengine\compengine.cpp(174): warning C4018: '<' : signed/unsigned mismatch
d:\users\б18-513\гречин а.а\thegame\compengine\compengine.cpp(184): warning C4018: '<' : signed/unsigned mismatch
d:\users\б18-513\гречин а.а\thegame\compengine\compengine.cpp(242): warning C4018: '<' : signed/unsigned mismatch
d:\users\б18-513\гречин а.а\thegame\compengine\compengine.cpp(259): warning C4018: '<' : signed/unsigned mismatch
d:\users\б18-513\гречин а.а\thegame\compengine\compengine.cpp(304): warning C4018: '<' : signed/unsigned mismatch
d:\users\б18-513\гречин а.а\thegame\compengine\compengine.cpp(421): warning C4552: '-' : operator has no effect; expected operator with side-effect
d:\users\б18-513\гречин а.а\thegame\compengine\compengine.cpp(439): warning C4244: 'return' : conversion from 'float' to 'int', possible loss of data
d:\users\б18-513\гречин а.а\thegame\compengine\compengine.cpp(498): warning C4018: '<' : signed/unsigned mismatch
d:\users\б18-513\гречин а.а\thegame\compengine\compengine.cpp(649): warning C4244: 'argument' : conversion from 'time_t' to 'unsigned int', possible loss of data
d:\users\б18-513\гречин а.а\thegame\compengine\compengine.cpp(1106): warning C4018: '<' : signed/unsigned mismatch
d:\users\б18-513\гречин а.а\thegame\compengine\compengine.cpp(1116): warning C4018: '<' : signed/unsigned mismatch
d:\users\б18-513\гречин а.а\thegame\compengine\compengine.cpp(1128): warning C4018: '<' : signed/unsigned mismatch
d:\users\б18-513\гречин а.а\thegame\compengine\compengine.cpp(1146): warning C4018: '<' : signed/unsigned mismatch
d:\users\б18-513\гречин а.а\thegame\compengine\compengine.cpp(1153): warning C4018: '<' : signed/unsigned mismatch
d:\users\б18-513\гречин а.а\thegame\compengine\compengine.h(117): warning C4018: '<' : signed/unsigned mismatch
          d:\users\б18-513\гречин а.а\thegame\compengine\compengine.cpp(261) : see reference to function template instantiation 'CompEngine::Component *CompEngine::GameObject::FindComponentOfType<CompEngine::Unit>(T)' being compiled
          with
          [
              T=CompEngine::Unit
          ]
d:\users\б18-513\гречин а.а\thegame\compengine\compengine.h(178): warning C4018: '<' : signed/unsigned mismatch
          d:\users\б18-513\гречин а.а\thegame\compengine\compengine.cpp(1022) : see reference to function template instantiation 'CompEngine::Component *CompEngine::EngineCore::FindObjectOfType<CompEngine::PlayerController>(T)' being compiled
          with
          [
              T=CompEngine::PlayerController
          ]
d:\users\б18-513\гречин а.а\thegame\compengine\compengine.cpp(1083): warning C4715: 'CompEngine::UIManager::DefineEnteredCommand' : not all control paths return a value
LINK : fatal error LNK1561: entry point must be defined
